<?xml version="1.0" encoding="UTF-8"?>
<testng-results ignored="0" total="2" passed="2" failed="0" skipped="0">
  <reporter-output>
  </reporter-output>
  <suite started-at="2024-03-15T19:26:33 IST" name="Default suite" finished-at="2024-03-15T19:27:01 IST" duration-ms="28376">
    <groups>
    </groups>
    <test started-at="2024-03-15T19:26:33 IST" name="Default test" finished-at="2024-03-15T19:27:01 IST" duration-ms="28376">
      <class name="techacademy.TestNGTestClass">
        <test-method is-config="true" signature="setUp()[pri:0, instance:techacademy.TestNGTestClass@202b0582]" started-at="2024-03-15T19:26:33 IST" name="setUp" finished-at="2024-03-15T19:26:35 IST" duration-ms="2499" status="PASS">
          <reporter-output>
          </reporter-output>
        </test-method> <!-- setUp -->
        <test-method signature="testProcessDiscoveryNavigation()[pri:0, instance:techacademy.TestNGTestClass@202b0582]" started-at="2024-03-15T19:26:35 IST" name="testProcessDiscoveryNavigation" finished-at="2024-03-15T19:26:48 IST" duration-ms="12786" status="PASS">
          <reporter-output>
          </reporter-output>
        </test-method> <!-- testProcessDiscoveryNavigation -->
        <test-method is-config="true" signature="tearDown()[pri:0, instance:techacademy.TestNGTestClass@202b0582]" started-at="2024-03-15T19:26:48 IST" name="tearDown" finished-at="2024-03-15T19:26:48 IST" duration-ms="206" status="PASS">
          <reporter-output>
          </reporter-output>
        </test-method> <!-- tearDown -->
        <test-method is-config="true" signature="setUp()[pri:0, instance:techacademy.TestNGTestClass@202b0582]" started-at="2024-03-15T19:26:48 IST" name="setUp" finished-at="2024-03-15T19:26:50 IST" duration-ms="1817" status="PASS">
          <reporter-output>
          </reporter-output>
        </test-method> <!-- setUp -->
        <test-method signature="testRequestDemoNavigation()[pri:0, instance:techacademy.TestNGTestClass@202b0582]" started-at="2024-03-15T19:26:50 IST" name="testRequestDemoNavigation" finished-at="2024-03-15T19:27:01 IST" duration-ms="10724" status="PASS">
          <reporter-output>
          </reporter-output>
        </test-method> <!-- testRequestDemoNavigation -->
        <test-method is-config="true" signature="tearDown()[pri:0, instance:techacademy.TestNGTestClass@202b0582]" started-at="2024-03-15T19:27:01 IST" name="tearDown" finished-at="2024-03-15T19:27:01 IST" duration-ms="298" status="PASS">
          <reporter-output>
          </reporter-output>
        </test-method> <!-- tearDown -->
      </class> <!-- techacademy.TestNGTestClass -->
    </test> <!-- Default test -->
  </suite> <!-- Default suite -->
</testng-results>
